<?xml version="1.0" encoding="UTF-8"?>
<!-- Generated by org.testng.reporters.JUnitXMLReporter -->
<testsuite ignored="0" hostname="KishoreMS" failures="0" tests="3" name="Default test" time="14.372" errors="0" timestamp="2022-05-01T15:53:02 IST">
  <testcase classname="com.chain.DeleteAddress" name="login" time="11.275"/>
  <testcase classname="com.chain.DeleteAddress" name="getAddress" time="1.546"/>
  <testcase classname="com.chain.DeleteAddress" name="deleteAddress" time="1.381"/>
</testsuite> <!-- Default test -->
