<?xml version="1.0" encoding="UTF-8"?>
<!-- Generated by org.testng.reporters.JUnitXMLReporter -->
<testsuite ignored="0" hostname="KishoreMS" failures="0" tests="3" name="Test" time="10.95" errors="0" timestamp="2022-05-01T16:06:59 IST">
  <testcase classname="com.chain.DeleteAddress" name="login" time="8.522"/>
  <testcase classname="com.chain.DeleteAddress" name="getAddress" time="0.899"/>
  <testcase classname="com.chain.DeleteAddress" name="deleteAddress" time="1.396"/>
</testsuite> <!-- Test -->
