<?xml version="1.0" encoding="UTF-8"?>
<testng-results ignored="0" total="3" passed="3" failed="0" skipped="0">
  <reporter-output>
  </reporter-output>
  <suite started-at="2022-05-01T16:06:48 IST" name="Suite" finished-at="2022-05-01T16:06:59 IST" duration-ms="10950">
    <groups>
    </groups>
    <test started-at="2022-05-01T16:06:48 IST" name="Test" finished-at="2022-05-01T16:06:59 IST" duration-ms="10950">
      <class name="com.chain.DeleteAddress">
        <test-method signature="login()[pri:1, instance:com.chain.DeleteAddress@661972b0]" started-at="2022-05-01T16:06:48 IST" name="login" finished-at="2022-05-01T16:06:57 IST" duration-ms="8522" status="PASS">
          <reporter-output>
          </reporter-output>
        </test-method> <!-- login -->
        <test-method signature="getAddress()[pri:3, instance:com.chain.DeleteAddress@661972b0]" started-at="2022-05-01T16:06:57 IST" name="getAddress" finished-at="2022-05-01T16:06:58 IST" duration-ms="899" status="PASS">
          <reporter-output>
          </reporter-output>
        </test-method> <!-- getAddress -->
        <test-method signature="deleteAddress()[pri:4, instance:com.chain.DeleteAddress@661972b0]" started-at="2022-05-01T16:06:58 IST" name="deleteAddress" finished-at="2022-05-01T16:06:59 IST" duration-ms="1396" status="PASS">
          <reporter-output>
          </reporter-output>
        </test-method> <!-- deleteAddress -->
      </class> <!-- com.chain.DeleteAddress -->
    </test> <!-- Test -->
  </suite> <!-- Suite -->
</testng-results>
